2017-11-20 10:12:18.981 [restartedMain] INFO  com.longfor.MoapprovalApplication -Starting MoapprovalApplication on ISS460602003372 with PID 7744 (E:\java_new\moapproval\target\classes started by issuser in E:\java_new\moapproval)
2017-11-20 10:12:19.041 [restartedMain] INFO  com.longfor.MoapprovalApplication -No active profile set, falling back to default profiles: default
2017-11-20 10:12:19.916 [restartedMain] INFO  o.s.b.c.e.AnnotationConfigEmbeddedWebApplicationContext -Refreshing org.springframework.boot.context.embedded.AnnotationConfigEmbeddedWebApplicationContext@5044f551: startup date [Mon Nov 20 10:12:19 CST 2017]; root of context hierarchy
2017-11-20 10:12:22.103 [restartedMain] INFO  o.s.c.s.PostProcessorRegistrationDelegate$BeanPostProcessorChecker -Bean 'org.springframework.transaction.annotation.ProxyTransactionManagementConfiguration' of type [org.springframework.transaction.annotation.ProxyTransactionManagementConfiguration$$EnhancerBySpringCGLIB$$5f6607b1] is not eligible for getting processed by all BeanPostProcessors (for example: not eligible for auto-proxying)
2017-11-20 10:12:23.133 [restartedMain] INFO  o.s.b.c.e.t.TomcatEmbeddedServletContainer -Tomcat initialized with port(s): 9030 (http)
2017-11-20 10:12:23.144 [restartedMain] INFO  o.a.catalina.core.StandardService -Starting service Tomcat
2017-11-20 10:12:23.145 [restartedMain] INFO  o.a.catalina.core.StandardEngine -Starting Servlet Engine: Apache Tomcat/8.5.11
2017-11-20 10:12:23.250 [localhost-startStop-1] INFO  o.a.c.c.C.[Tomcat].[localhost].[/] -Initializing Spring embedded WebApplicationContext
2017-11-20 10:12:23.250 [localhost-startStop-1] INFO  o.s.web.context.ContextLoader -Root WebApplicationContext: initialization completed in 3334 ms
2017-11-20 10:12:23.404 [localhost-startStop-1] INFO  o.s.b.w.s.ServletRegistrationBean -Mapping servlet: 'dispatcherServlet' to [/]
2017-11-20 10:12:23.408 [localhost-startStop-1] INFO  o.s.b.w.s.FilterRegistrationBean -Mapping filter: 'characterEncodingFilter' to: [/*]
2017-11-20 10:12:23.409 [localhost-startStop-1] INFO  o.s.b.w.s.FilterRegistrationBean -Mapping filter: 'hiddenHttpMethodFilter' to: [/*]
2017-11-20 10:12:23.409 [localhost-startStop-1] INFO  o.s.b.w.s.FilterRegistrationBean -Mapping filter: 'httpPutFormContentFilter' to: [/*]
2017-11-20 10:12:23.409 [localhost-startStop-1] INFO  o.s.b.w.s.FilterRegistrationBean -Mapping filter: 'requestContextFilter' to: [/*]
2017-11-20 10:12:25.567 [restartedMain] INFO  o.s.o.j.LocalContainerEntityManagerFactoryBean -Building JPA container EntityManagerFactory for persistence unit 'default'
2017-11-20 10:12:25.581 [restartedMain] INFO  o.h.jpa.internal.util.LogHelper -HHH000204: Processing PersistenceUnitInfo [
	name: default
	...]
2017-11-20 10:12:25.691 [restartedMain] INFO  org.hibernate.Version -HHH000412: Hibernate Core {5.0.12.Final}
2017-11-20 10:12:25.693 [restartedMain] INFO  org.hibernate.cfg.Environment -HHH000206: hibernate.properties not found
2017-11-20 10:12:25.695 [restartedMain] INFO  org.hibernate.cfg.Environment -HHH000021: Bytecode provider name : javassist
2017-11-20 10:12:25.805 [restartedMain] INFO  o.h.annotations.common.Version -HCANN000001: Hibernate Commons Annotations {5.0.1.Final}
2017-11-20 10:12:25.979 [restartedMain] INFO  org.hibernate.dialect.Dialect -HHH000400: Using dialect: org.hibernate.dialect.MySQL5Dialect
2017-11-20 10:12:26.479 [restartedMain] INFO  o.h.tool.hbm2ddl.SchemaUpdate -HHH000228: Running hbm2ddl schema update
2017-11-20 10:12:28.426 [restartedMain] INFO  o.s.o.j.LocalContainerEntityManagerFactoryBean -Initialized JPA EntityManagerFactory for persistence unit 'default'
2017-11-20 10:12:28.899 [restartedMain] INFO  o.h.h.i.QueryTranslatorFactoryInitiator -HHH000397: Using ASTQueryTranslatorFactory
2017-11-20 10:12:29.469 [restartedMain] INFO  o.s.w.s.m.m.a.RequestMappingHandlerAdapter -Looking for @ControllerAdvice: org.springframework.boot.context.embedded.AnnotationConfigEmbeddedWebApplicationContext@5044f551: startup date [Mon Nov 20 10:12:19 CST 2017]; root of context hierarchy
2017-11-20 10:12:29.546 [restartedMain] INFO  o.s.w.s.m.m.a.RequestMappingHandlerMapping -Mapped "{[/flowapi/list],methods=[POST]}" onto public com.longfor.bean.Result<java.lang.String> com.longfor.controller.FlowController.list(com.longfor.bean.DohalfParamBean) throws java.lang.Exception
2017-11-20 10:12:29.547 [restartedMain] INFO  o.s.w.s.m.m.a.RequestMappingHandlerMapping -Mapped "{[/flowapi/business],methods=[POST]}" onto public com.longfor.bean.Result<java.lang.String> com.longfor.controller.FlowController.business(com.longfor.bean.FlowParamBean) throws java.lang.Exception
2017-11-20 10:12:29.548 [restartedMain] INFO  o.s.w.s.m.m.a.RequestMappingHandlerMapping -Mapped "{[/flowapi/sponsorlist],methods=[POST]}" onto public com.longfor.bean.Result<java.lang.String> com.longfor.controller.FlowController.sponsorlist(com.longfor.bean.DohalfParamBean) throws java.lang.Exception
2017-11-20 10:12:29.548 [restartedMain] INFO  o.s.w.s.m.m.a.RequestMappingHandlerMapping -Mapped "{[/flowapi/flow],methods=[POST]}" onto public com.longfor.bean.Result<java.lang.String> com.longfor.controller.FlowController.flow(com.longfor.bean.FlowParamBean) throws java.lang.Exception
2017-11-20 10:12:29.548 [restartedMain] INFO  o.s.w.s.m.m.a.RequestMappingHandlerMapping -Mapped "{[/flowapi/update-flow],methods=[POST]}" onto public com.longfor.bean.Result<java.lang.String> com.longfor.controller.FlowController.updateFlow(com.longfor.bean.ApprovalBean) throws java.lang.Exception
2017-11-20 10:12:29.550 [restartedMain] INFO  o.s.w.s.m.m.a.RequestMappingHandlerMapping -Mapped "{[/error]}" onto public org.springframework.http.ResponseEntity<java.util.Map<java.lang.String, java.lang.Object>> org.springframework.boot.autoconfigure.web.BasicErrorController.error(javax.servlet.http.HttpServletRequest)
2017-11-20 10:12:29.550 [restartedMain] INFO  o.s.w.s.m.m.a.RequestMappingHandlerMapping -Mapped "{[/error],produces=[text/html]}" onto public org.springframework.web.servlet.ModelAndView org.springframework.boot.autoconfigure.web.BasicErrorController.errorHtml(javax.servlet.http.HttpServletRequest,javax.servlet.http.HttpServletResponse)
2017-11-20 10:12:29.587 [restartedMain] INFO  o.s.w.s.h.SimpleUrlHandlerMapping -Mapped URL path [/webjars/**] onto handler of type [class org.springframework.web.servlet.resource.ResourceHttpRequestHandler]
2017-11-20 10:12:29.588 [restartedMain] INFO  o.s.w.s.h.SimpleUrlHandlerMapping -Mapped URL path [/**] onto handler of type [class org.springframework.web.servlet.resource.ResourceHttpRequestHandler]
2017-11-20 10:12:29.606 [restartedMain] INFO  o.s.w.s.m.m.a.ExceptionHandlerExceptionResolver -Detected @ExceptionHandler methods in exceptionHandle
2017-11-20 10:12:29.629 [restartedMain] INFO  o.s.w.s.h.SimpleUrlHandlerMapping -Mapped URL path [/**/favicon.ico] onto handler of type [class org.springframework.web.servlet.resource.ResourceHttpRequestHandler]
2017-11-20 10:12:29.661 [restartedMain] WARN  o.s.b.a.t.AbstractTemplateResolverConfiguration -Cannot find template location: classpath:/templates/ (please add some templates or check your Thymeleaf configuration)
2017-11-20 10:12:30.333 [restartedMain] INFO  o.s.b.d.a.OptionalLiveReloadServer -LiveReload server is running on port 35729
2017-11-20 10:12:30.386 [restartedMain] INFO  o.s.j.e.a.AnnotationMBeanExporter -Registering beans for JMX exposure on startup
2017-11-20 10:12:30.481 [restartedMain] INFO  o.s.b.c.e.t.TomcatEmbeddedServletContainer -Tomcat started on port(s): 9030 (http)
2017-11-20 10:12:30.486 [restartedMain] INFO  com.longfor.MoapprovalApplication -Started MoapprovalApplication in 12.681 seconds (JVM running for 15.013)
2017-11-20 10:13:08.283 [http-nio-9030-exec-1] INFO  o.a.c.c.C.[Tomcat].[localhost].[/] -Initializing Spring FrameworkServlet 'dispatcherServlet'
2017-11-20 10:13:08.284 [http-nio-9030-exec-1] INFO  o.s.web.servlet.DispatcherServlet -FrameworkServlet 'dispatcherServlet': initialization started
2017-11-20 10:13:08.316 [http-nio-9030-exec-1] INFO  o.s.web.servlet.DispatcherServlet -FrameworkServlet 'dispatcherServlet': initialization completed in 32 ms
2017-11-20 10:13:08.624 [http-nio-9030-exec-1] WARN  o.s.w.s.m.m.a.ExceptionHandlerExceptionResolver -Resolved exception caused by Handler execution: org.springframework.web.bind.MethodArgumentNotValidException: Validation failed for argument at index 0 in method: public com.longfor.bean.Result<java.lang.String> com.longfor.controller.FlowController.updateFlow(com.longfor.bean.ApprovalBean) throws java.lang.Exception, with 1 error(s): [Field error in object 'approvalBean' on field 'data': rejected value [null]; codes [NotEmpty.approvalBean.data,NotEmpty.data,NotEmpty.java.lang.String,NotEmpty]; arguments [org.springframework.context.support.DefaultMessageSourceResolvable: codes [approvalBean.data,data]; arguments []; default message [data]]; default message [data数据不能为空]] 
2017-11-20 10:13:38.276 [http-nio-9030-exec-2] WARN  o.s.w.s.m.m.a.ExceptionHandlerExceptionResolver -Failed to invoke @ExceptionHandler method: public void com.longfor.handle.ExceptionHandle.MethodArgumentNotValidException(java.lang.Exception,javax.servlet.http.HttpServletRequest,javax.servlet.http.HttpServletResponse)
java.lang.ClassCastException: org.springframework.http.converter.HttpMessageNotReadableException cannot be cast to org.springframework.web.bind.MethodArgumentNotValidException
	at com.longfor.handle.ExceptionHandle.MethodArgumentNotValidException(ExceptionHandle.java:39)
	at sun.reflect.NativeMethodAccessorImpl.invoke0(Native Method)
	at sun.reflect.NativeMethodAccessorImpl.invoke(NativeMethodAccessorImpl.java:62)
	at sun.reflect.DelegatingMethodAccessorImpl.invoke(DelegatingMethodAccessorImpl.java:43)
	at java.lang.reflect.Method.invoke(Method.java:483)
	at org.springframework.web.method.support.InvocableHandlerMethod.doInvoke(InvocableHandlerMethod.java:205)
	at org.springframework.web.method.support.InvocableHandlerMethod.invokeForRequest(InvocableHandlerMethod.java:133)
	at org.springframework.web.servlet.mvc.method.annotation.ServletInvocableHandlerMethod.invokeAndHandle(ServletInvocableHandlerMethod.java:116)
	at org.springframework.web.servlet.mvc.method.annotation.ExceptionHandlerExceptionResolver.doResolveHandlerMethodException(ExceptionHandlerExceptionResolver.java:380)
	at org.springframework.web.servlet.handler.AbstractHandlerMethodExceptionResolver.doResolveException(AbstractHandlerMethodExceptionResolver.java:59)
	at org.springframework.web.servlet.handler.AbstractHandlerExceptionResolver.resolveException(AbstractHandlerExceptionResolver.java:136)
	at org.springframework.web.servlet.handler.HandlerExceptionResolverComposite.resolveException(HandlerExceptionResolverComposite.java:74)
	at org.springframework.web.servlet.DispatcherServlet.processHandlerException(DispatcherServlet.java:1218)
	at org.springframework.web.servlet.DispatcherServlet.processDispatchResult(DispatcherServlet.java:1030)
	at org.springframework.web.servlet.DispatcherServlet.doDispatch(DispatcherServlet.java:980)
	at org.springframework.web.servlet.DispatcherServlet.doService(DispatcherServlet.java:897)
	at org.springframework.web.servlet.FrameworkServlet.processRequest(FrameworkServlet.java:970)
	at org.springframework.web.servlet.FrameworkServlet.doPost(FrameworkServlet.java:872)
	at javax.servlet.http.HttpServlet.service(HttpServlet.java:648)
	at org.springframework.web.servlet.FrameworkServlet.service(FrameworkServlet.java:846)
	at javax.servlet.http.HttpServlet.service(HttpServlet.java:729)
	at org.apache.catalina.core.ApplicationFilterChain.internalDoFilter(ApplicationFilterChain.java:230)
	at org.apache.catalina.core.ApplicationFilterChain.doFilter(ApplicationFilterChain.java:165)
	at org.apache.tomcat.websocket.server.WsFilter.doFilter(WsFilter.java:52)
	at org.apache.catalina.core.ApplicationFilterChain.internalDoFilter(ApplicationFilterChain.java:192)
	at org.apache.catalina.core.ApplicationFilterChain.doFilter(ApplicationFilterChain.java:165)
	at org.springframework.web.filter.RequestContextFilter.doFilterInternal(RequestContextFilter.java:99)
	at org.springframework.web.filter.OncePerRequestFilter.doFilter(OncePerRequestFilter.java:107)
	at org.apache.catalina.core.ApplicationFilterChain.internalDoFilter(ApplicationFilterChain.java:192)
	at org.apache.catalina.core.ApplicationFilterChain.doFilter(ApplicationFilterChain.java:165)
	at org.springframework.web.filter.HttpPutFormContentFilter.doFilterInternal(HttpPutFormContentFilter.java:105)
	at org.springframework.web.filter.OncePerRequestFilter.doFilter(OncePerRequestFilter.java:107)
	at org.apache.catalina.core.ApplicationFilterChain.internalDoFilter(ApplicationFilterChain.java:192)
	at org.apache.catalina.core.ApplicationFilterChain.doFilter(ApplicationFilterChain.java:165)
	at org.springframework.web.filter.HiddenHttpMethodFilter.doFilterInternal(HiddenHttpMethodFilter.java:81)
	at org.springframework.web.filter.OncePerRequestFilter.doFilter(OncePerRequestFilter.java:107)
	at org.apache.catalina.core.ApplicationFilterChain.internalDoFilter(ApplicationFilterChain.java:192)
	at org.apache.catalina.core.ApplicationFilterChain.doFilter(ApplicationFilterChain.java:165)
	at org.springframework.web.filter.CharacterEncodingFilter.doFilterInternal(CharacterEncodingFilter.java:197)
	at org.springframework.web.filter.OncePerRequestFilter.doFilter(OncePerRequestFilter.java:107)
	at org.apache.catalina.core.ApplicationFilterChain.internalDoFilter(ApplicationFilterChain.java:192)
	at org.apache.catalina.core.ApplicationFilterChain.doFilter(ApplicationFilterChain.java:165)
	at org.apache.catalina.core.StandardWrapperValve.invoke(StandardWrapperValve.java:198)
	at org.apache.catalina.core.StandardContextValve.invoke(StandardContextValve.java:96)
	at org.apache.catalina.authenticator.AuthenticatorBase.invoke(AuthenticatorBase.java:474)
	at org.apache.catalina.core.StandardHostValve.invoke(StandardHostValve.java:140)
	at org.apache.catalina.valves.ErrorReportValve.invoke(ErrorReportValve.java:79)
	at org.apache.catalina.core.StandardEngineValve.invoke(StandardEngineValve.java:87)
	at org.apache.catalina.connector.CoyoteAdapter.service(CoyoteAdapter.java:349)
	at org.apache.coyote.http11.Http11Processor.service(Http11Processor.java:783)
	at org.apache.coyote.AbstractProcessorLight.process(AbstractProcessorLight.java:66)
	at org.apache.coyote.AbstractProtocol$ConnectionHandler.process(AbstractProtocol.java:798)
	at org.apache.tomcat.util.net.NioEndpoint$SocketProcessor.doRun(NioEndpoint.java:1434)
	at org.apache.tomcat.util.net.SocketProcessorBase.run(SocketProcessorBase.java:49)
	at java.util.concurrent.ThreadPoolExecutor.runWorker(ThreadPoolExecutor.java:1142)
	at java.util.concurrent.ThreadPoolExecutor$Worker.run(ThreadPoolExecutor.java:617)
	at org.apache.tomcat.util.threads.TaskThread$WrappingRunnable.run(TaskThread.java:61)
	at java.lang.Thread.run(Thread.java:745)
2017-11-20 10:13:38.290 [http-nio-9030-exec-2] WARN  o.s.w.s.m.s.DefaultHandlerExceptionResolver -Failed to read HTTP message: org.springframework.http.converter.HttpMessageNotReadableException: Could not read document: Can not deserialize instance of java.lang.String out of START_OBJECT token
 at [Source: java.io.PushbackInputStream@3691e6a9; line: 3, column: 9] (through reference chain: com.longfor.bean.ApprovalBean["data"]); nested exception is com.fasterxml.jackson.databind.JsonMappingException: Can not deserialize instance of java.lang.String out of START_OBJECT token
 at [Source: java.io.PushbackInputStream@3691e6a9; line: 3, column: 9] (through reference chain: com.longfor.bean.ApprovalBean["data"])
2017-11-20 10:13:38.290 [http-nio-9030-exec-2] WARN  o.s.w.s.m.s.DefaultHandlerExceptionResolver -Resolved exception caused by Handler execution: org.springframework.http.converter.HttpMessageNotReadableException: Could not read document: Can not deserialize instance of java.lang.String out of START_OBJECT token
 at [Source: java.io.PushbackInputStream@3691e6a9; line: 3, column: 9] (through reference chain: com.longfor.bean.ApprovalBean["data"]); nested exception is com.fasterxml.jackson.databind.JsonMappingException: Can not deserialize instance of java.lang.String out of START_OBJECT token
 at [Source: java.io.PushbackInputStream@3691e6a9; line: 3, column: 9] (through reference chain: com.longfor.bean.ApprovalBean["data"])
2017-11-20 10:14:11.113 [http-nio-9030-exec-3] WARN  o.s.w.s.m.m.a.ExceptionHandlerExceptionResolver -Resolved exception caused by Handler execution: org.springframework.web.bind.MethodArgumentNotValidException: Validation failed for argument at index 0 in method: public com.longfor.bean.Result<java.lang.String> com.longfor.controller.FlowController.updateFlow(com.longfor.bean.ApprovalBean) throws java.lang.Exception, with 1 error(s): [Field error in object 'approvalBean' on field 'data': rejected value []; codes [NotEmpty.approvalBean.data,NotEmpty.data,NotEmpty.java.lang.String,NotEmpty]; arguments [org.springframework.context.support.DefaultMessageSourceResolvable: codes [approvalBean.data,data]; arguments []; default message [data]]; default message [data数据不能为空]] 
2017-11-20 10:14:41.501 [http-nio-9030-exec-4] INFO  com.longfor.aspect.ApiAspect -url=http://127.0.0.1:9030/flowapi/update-flow
2017-11-20 10:16:07.524 [Thread-7] INFO  o.s.b.c.e.AnnotationConfigEmbeddedWebApplicationContext -Closing org.springframework.boot.context.embedded.AnnotationConfigEmbeddedWebApplicationContext@5044f551: startup date [Mon Nov 20 10:12:19 CST 2017]; root of context hierarchy
2017-11-20 10:16:07.528 [Thread-7] INFO  o.s.j.e.a.AnnotationMBeanExporter -Unregistering JMX-exposed beans on shutdown
2017-11-20 10:16:07.531 [Thread-7] INFO  o.s.o.j.LocalContainerEntityManagerFactoryBean -Closing JPA EntityManagerFactory for persistence unit 'default'
2017-11-20 10:16:08.370 [restartedMain] INFO  com.longfor.MoapprovalApplication -Starting MoapprovalApplication on ISS460602003372 with PID 7744 (E:\java_new\moapproval\target\classes started by issuser in E:\java_new\moapproval)
2017-11-20 10:16:08.371 [restartedMain] INFO  com.longfor.MoapprovalApplication -No active profile set, falling back to default profiles: default
2017-11-20 10:16:08.379 [restartedMain] INFO  o.s.b.c.e.AnnotationConfigEmbeddedWebApplicationContext -Refreshing org.springframework.boot.context.embedded.AnnotationConfigEmbeddedWebApplicationContext@1235c345: startup date [Mon Nov 20 10:16:08 CST 2017]; root of context hierarchy
2017-11-20 10:16:08.968 [restartedMain] INFO  o.s.c.s.PostProcessorRegistrationDelegate$BeanPostProcessorChecker -Bean 'org.springframework.transaction.annotation.ProxyTransactionManagementConfiguration' of type [org.springframework.transaction.annotation.ProxyTransactionManagementConfiguration$$EnhancerBySpringCGLIB$$5f6607b1] is not eligible for getting processed by all BeanPostProcessors (for example: not eligible for auto-proxying)
2017-11-20 10:16:09.090 [restartedMain] INFO  o.s.b.c.e.t.TomcatEmbeddedServletContainer -Tomcat initialized with port(s): 9030 (http)
2017-11-20 10:16:09.090 [restartedMain] INFO  o.a.catalina.core.StandardService -Starting service Tomcat
2017-11-20 10:16:09.091 [restartedMain] INFO  o.a.catalina.core.StandardEngine -Starting Servlet Engine: Apache Tomcat/8.5.11
2017-11-20 10:16:09.105 [localhost-startStop-1] INFO  o.a.c.c.C.[Tomcat].[localhost].[/] -Initializing Spring embedded WebApplicationContext
2017-11-20 10:16:09.108 [localhost-startStop-1] INFO  o.s.web.context.ContextLoader -Root WebApplicationContext: initialization completed in 729 ms
2017-11-20 10:16:09.169 [localhost-startStop-1] INFO  o.s.b.w.s.ServletRegistrationBean -Mapping servlet: 'dispatcherServlet' to [/]
2017-11-20 10:16:09.170 [localhost-startStop-1] INFO  o.s.b.w.s.FilterRegistrationBean -Mapping filter: 'characterEncodingFilter' to: [/*]
2017-11-20 10:16:09.171 [localhost-startStop-1] INFO  o.s.b.w.s.FilterRegistrationBean -Mapping filter: 'hiddenHttpMethodFilter' to: [/*]
2017-11-20 10:16:09.171 [localhost-startStop-1] INFO  o.s.b.w.s.FilterRegistrationBean -Mapping filter: 'httpPutFormContentFilter' to: [/*]
2017-11-20 10:16:09.171 [localhost-startStop-1] INFO  o.s.b.w.s.FilterRegistrationBean -Mapping filter: 'requestContextFilter' to: [/*]
2017-11-20 10:16:10.309 [restartedMain] INFO  o.s.o.j.LocalContainerEntityManagerFactoryBean -Building JPA container EntityManagerFactory for persistence unit 'default'
2017-11-20 10:16:10.309 [restartedMain] INFO  o.h.jpa.internal.util.LogHelper -HHH000204: Processing PersistenceUnitInfo [
	name: default
	...]
2017-11-20 10:16:10.321 [restartedMain] INFO  org.hibernate.dialect.Dialect -HHH000400: Using dialect: org.hibernate.dialect.MySQL5Dialect
2017-11-20 10:16:10.371 [restartedMain] INFO  o.h.tool.hbm2ddl.SchemaUpdate -HHH000228: Running hbm2ddl schema update
2017-11-20 10:16:13.183 [main] INFO  o.s.b.t.c.SpringBootTestContextBootstrapper -Neither @ContextConfiguration nor @ContextHierarchy found for test class [com.longfor.MoapprovalApplicationTests], using SpringBootContextLoader
2017-11-20 10:16:13.224 [main] INFO  o.s.t.c.s.AbstractContextLoader -Could not detect default resource locations for test class [com.longfor.MoapprovalApplicationTests]: no resource found for suffixes {-context.xml, Context.groovy}.
2017-11-20 10:16:13.226 [main] INFO  o.s.t.c.s.AnnotationConfigContextLoaderUtils -Could not detect default configuration classes for test class [com.longfor.MoapprovalApplicationTests]: MoapprovalApplicationTests does not declare any static, non-private, non-final, nested classes annotated with @Configuration.
2017-11-20 10:16:13.457 [main] INFO  o.s.b.t.c.SpringBootTestContextBootstrapper -Found @SpringBootConfiguration com.longfor.MoapprovalApplication for test class com.longfor.MoapprovalApplicationTests
2017-11-20 10:16:13.470 [main] INFO  o.s.b.t.c.SpringBootTestContextBootstrapper -Loaded default TestExecutionListener class names from location [META-INF/spring.factories]: [org.springframework.boot.test.mock.mockito.MockitoTestExecutionListener, org.springframework.boot.test.mock.mockito.ResetMocksTestExecutionListener, org.springframework.boot.test.autoconfigure.restdocs.RestDocsTestExecutionListener, org.springframework.boot.test.autoconfigure.web.client.MockRestServiceServerResetTestExecutionListener, org.springframework.boot.test.autoconfigure.web.servlet.MockMvcPrintOnlyOnFailureTestExecutionListener, org.springframework.boot.test.autoconfigure.web.servlet.WebDriverTestExecutionListener, org.springframework.test.context.web.ServletTestExecutionListener, org.springframework.test.context.support.DirtiesContextBeforeModesTestExecutionListener, org.springframework.test.context.support.DependencyInjectionTestExecutionListener, org.springframework.test.context.support.DirtiesContextTestExecutionListener, org.springframework.test.context.transaction.TransactionalTestExecutionListener, org.springframework.test.context.jdbc.SqlScriptsTestExecutionListener]
2017-11-20 10:16:13.515 [main] INFO  o.s.b.t.c.SpringBootTestContextBootstrapper -Using TestExecutionListeners: [org.springframework.test.context.web.ServletTestExecutionListener@74e52ef6, org.springframework.test.context.support.DirtiesContextBeforeModesTestExecutionListener@6ed3ccb2, org.springframework.boot.test.autoconfigure.SpringBootDependencyInjectionTestExecutionListener@1a677343, org.springframework.test.context.support.DirtiesContextTestExecutionListener@15de0b3c, org.springframework.test.context.transaction.TransactionalTestExecutionListener@489115ef, org.springframework.test.context.jdbc.SqlScriptsTestExecutionListener@3857f613, org.springframework.boot.test.mock.mockito.ResetMocksTestExecutionListener@198b6731, org.springframework.boot.test.autoconfigure.restdocs.RestDocsTestExecutionListener@7c6908d7, org.springframework.boot.test.mock.mockito.MockitoTestExecutionListener@3c9754d8, org.springframework.boot.test.autoconfigure.web.servlet.WebDriverTestExecutionListener@3bf7ca37, org.springframework.boot.test.autoconfigure.web.servlet.MockMvcPrintOnlyOnFailureTestExecutionListener@79079097, org.springframework.boot.test.autoconfigure.web.client.MockRestServiceServerResetTestExecutionListener@4d1c00d0]
2017-11-20 10:16:13.523 [main] INFO  o.s.b.t.c.SpringBootTestContextBootstrapper -Neither @ContextConfiguration nor @ContextHierarchy found for test class [com.longfor.MoapprovalApplicationTests], using SpringBootContextLoader
2017-11-20 10:16:13.525 [main] INFO  o.s.t.c.s.AbstractContextLoader -Could not detect default resource locations for test class [com.longfor.MoapprovalApplicationTests]: no resource found for suffixes {-context.xml, Context.groovy}.
2017-11-20 10:16:13.526 [main] INFO  o.s.t.c.s.AnnotationConfigContextLoaderUtils -Could not detect default configuration classes for test class [com.longfor.MoapprovalApplicationTests]: MoapprovalApplicationTests does not declare any static, non-private, non-final, nested classes annotated with @Configuration.
2017-11-20 10:16:13.534 [main] INFO  o.s.b.t.c.SpringBootTestContextBootstrapper -Found @SpringBootConfiguration com.longfor.MoapprovalApplication for test class com.longfor.MoapprovalApplicationTests
2017-11-20 10:16:13.550 [main] INFO  o.s.b.t.c.SpringBootTestContextBootstrapper -Loaded default TestExecutionListener class names from location [META-INF/spring.factories]: [org.springframework.boot.test.mock.mockito.MockitoTestExecutionListener, org.springframework.boot.test.mock.mockito.ResetMocksTestExecutionListener, org.springframework.boot.test.autoconfigure.restdocs.RestDocsTestExecutionListener, org.springframework.boot.test.autoconfigure.web.client.MockRestServiceServerResetTestExecutionListener, org.springframework.boot.test.autoconfigure.web.servlet.MockMvcPrintOnlyOnFailureTestExecutionListener, org.springframework.boot.test.autoconfigure.web.servlet.WebDriverTestExecutionListener, org.springframework.test.context.web.ServletTestExecutionListener, org.springframework.test.context.support.DirtiesContextBeforeModesTestExecutionListener, org.springframework.test.context.support.DependencyInjectionTestExecutionListener, org.springframework.test.context.support.DirtiesContextTestExecutionListener, org.springframework.test.context.transaction.TransactionalTestExecutionListener, org.springframework.test.context.jdbc.SqlScriptsTestExecutionListener]
2017-11-20 10:16:13.556 [main] INFO  o.s.b.t.c.SpringBootTestContextBootstrapper -Using TestExecutionListeners: [org.springframework.test.context.web.ServletTestExecutionListener@8c3b9d, org.springframework.test.context.support.DirtiesContextBeforeModesTestExecutionListener@4c39bec8, org.springframework.boot.test.autoconfigure.SpringBootDependencyInjectionTestExecutionListener@f79e, org.springframework.test.context.support.DirtiesContextTestExecutionListener@7ee8290b, org.springframework.test.context.transaction.TransactionalTestExecutionListener@1f59a598, org.springframework.test.context.jdbc.SqlScriptsTestExecutionListener@1e178745, org.springframework.boot.test.mock.mockito.ResetMocksTestExecutionListener@192c3f1e, org.springframework.boot.test.autoconfigure.restdocs.RestDocsTestExecutionListener@26b3fd41, org.springframework.boot.test.mock.mockito.MockitoTestExecutionListener@7494f96a, org.springframework.boot.test.autoconfigure.web.servlet.WebDriverTestExecutionListener@561b6512, org.springframework.boot.test.autoconfigure.web.servlet.MockMvcPrintOnlyOnFailureTestExecutionListener@2e377400, org.springframework.boot.test.autoconfigure.web.client.MockRestServiceServerResetTestExecutionListener@1757cd72]
2017-11-20 10:16:14.061 [main] INFO  c.longfor.MoapprovalApplicationTests -Starting MoapprovalApplicationTests on ISS460602003372 with PID 8836 (started by issuser in E:\java_new\moapproval)
2017-11-20 10:16:14.062 [main] INFO  c.longfor.MoapprovalApplicationTests -No active profile set, falling back to default profiles: default
2017-11-20 10:16:14.389 [main] INFO  o.s.w.c.s.GenericWebApplicationContext -Refreshing org.springframework.web.context.support.GenericWebApplicationContext@41488b16: startup date [Mon Nov 20 10:16:14 CST 2017]; root of context hierarchy
2017-11-20 10:16:16.171 [main] INFO  o.s.c.s.PostProcessorRegistrationDelegate$BeanPostProcessorChecker -Bean 'org.springframework.transaction.annotation.ProxyTransactionManagementConfiguration' of type [org.springframework.transaction.annotation.ProxyTransactionManagementConfiguration$$EnhancerBySpringCGLIB$$cb3f6d22] is not eligible for getting processed by all BeanPostProcessors (for example: not eligible for auto-proxying)
2017-11-20 10:16:18.186 [main] INFO  o.s.o.j.LocalContainerEntityManagerFactoryBean -Building JPA container EntityManagerFactory for persistence unit 'default'
2017-11-20 10:16:18.219 [main] INFO  o.h.jpa.internal.util.LogHelper -HHH000204: Processing PersistenceUnitInfo [
	name: default
	...]
2017-11-20 10:16:18.438 [main] INFO  org.hibernate.Version -HHH000412: Hibernate Core {5.0.12.Final}
2017-11-20 10:16:18.440 [main] INFO  org.hibernate.cfg.Environment -HHH000206: hibernate.properties not found
2017-11-20 10:16:18.442 [main] INFO  org.hibernate.cfg.Environment -HHH000021: Bytecode provider name : javassist
2017-11-20 10:16:18.505 [main] INFO  o.h.annotations.common.Version -HCANN000001: Hibernate Commons Annotations {5.0.1.Final}
2017-11-20 10:16:18.672 [main] INFO  org.hibernate.dialect.Dialect -HHH000400: Using dialect: org.hibernate.dialect.MySQL5Dialect
2017-11-20 10:16:19.377 [main] INFO  o.h.tool.hbm2ddl.SchemaUpdate -HHH000228: Running hbm2ddl schema update
2017-11-20 10:16:22.053 [main] INFO  o.s.o.j.LocalContainerEntityManagerFactoryBean -Initialized JPA EntityManagerFactory for persistence unit 'default'
2017-11-20 10:16:22.500 [main] INFO  o.h.h.i.QueryTranslatorFactoryInitiator -HHH000397: Using ASTQueryTranslatorFactory
2017-11-20 10:16:23.582 [main] INFO  o.s.w.s.m.m.a.RequestMappingHandlerAdapter -Looking for @ControllerAdvice: org.springframework.web.context.support.GenericWebApplicationContext@41488b16: startup date [Mon Nov 20 10:16:14 CST 2017]; root of context hierarchy
2017-11-20 10:16:23.692 [main] INFO  o.s.w.s.m.m.a.RequestMappingHandlerMapping -Mapped "{[/flowapi/list],methods=[POST]}" onto public com.longfor.bean.Result<java.lang.String> com.longfor.controller.FlowController.list(com.longfor.bean.DohalfParamBean) throws java.lang.Exception
2017-11-20 10:16:23.694 [main] INFO  o.s.w.s.m.m.a.RequestMappingHandlerMapping -Mapped "{[/flowapi/sponsorlist],methods=[POST]}" onto public com.longfor.bean.Result<java.lang.String> com.longfor.controller.FlowController.sponsorlist(com.longfor.bean.DohalfParamBean) throws java.lang.Exception
2017-11-20 10:16:23.694 [main] INFO  o.s.w.s.m.m.a.RequestMappingHandlerMapping -Mapped "{[/flowapi/business],methods=[POST]}" onto public com.longfor.bean.Result<java.lang.String> com.longfor.controller.FlowController.business(com.longfor.bean.FlowParamBean) throws java.lang.Exception
2017-11-20 10:16:23.695 [main] INFO  o.s.w.s.m.m.a.RequestMappingHandlerMapping -Mapped "{[/flowapi/flow],methods=[POST]}" onto public com.longfor.bean.Result<java.lang.String> com.longfor.controller.FlowController.flow(com.longfor.bean.FlowParamBean) throws java.lang.Exception
2017-11-20 10:16:23.695 [main] INFO  o.s.w.s.m.m.a.RequestMappingHandlerMapping -Mapped "{[/flowapi/update-flow],methods=[POST]}" onto public com.longfor.bean.Result<java.lang.String> com.longfor.controller.FlowController.updateFlow(com.longfor.bean.ApprovalBean) throws java.lang.Exception
2017-11-20 10:16:23.698 [main] INFO  o.s.w.s.m.m.a.RequestMappingHandlerMapping -Mapped "{[/error]}" onto public org.springframework.http.ResponseEntity<java.util.Map<java.lang.String, java.lang.Object>> org.springframework.boot.autoconfigure.web.BasicErrorController.error(javax.servlet.http.HttpServletRequest)
2017-11-20 10:16:23.699 [main] INFO  o.s.w.s.m.m.a.RequestMappingHandlerMapping -Mapped "{[/error],produces=[text/html]}" onto public org.springframework.web.servlet.ModelAndView org.springframework.boot.autoconfigure.web.BasicErrorController.errorHtml(javax.servlet.http.HttpServletRequest,javax.servlet.http.HttpServletResponse)
2017-11-20 10:16:23.743 [main] INFO  o.s.w.s.h.SimpleUrlHandlerMapping -Mapped URL path [/webjars/**] onto handler of type [class org.springframework.web.servlet.resource.ResourceHttpRequestHandler]
2017-11-20 10:16:23.744 [main] INFO  o.s.w.s.h.SimpleUrlHandlerMapping -Mapped URL path [/**] onto handler of type [class org.springframework.web.servlet.resource.ResourceHttpRequestHandler]
2017-11-20 10:16:23.766 [main] INFO  o.s.w.s.m.m.a.ExceptionHandlerExceptionResolver -Detected @ExceptionHandler methods in exceptionHandle
2017-11-20 10:16:23.799 [main] INFO  o.s.w.s.h.SimpleUrlHandlerMapping -Mapped URL path [/**/favicon.ico] onto handler of type [class org.springframework.web.servlet.resource.ResourceHttpRequestHandler]
2017-11-20 10:16:23.839 [main] WARN  o.s.b.a.t.AbstractTemplateResolverConfiguration -Cannot find template location: classpath:/templates/ (please add some templates or check your Thymeleaf configuration)
2017-11-20 10:16:24.613 [main] INFO  c.longfor.MoapprovalApplicationTests -Started MoapprovalApplicationTests in 10.894 seconds (JVM running for 12.736)
2017-11-20 10:16:24.736 [Thread-4] INFO  o.s.w.c.s.GenericWebApplicationContext -Closing org.springframework.web.context.support.GenericWebApplicationContext@41488b16: startup date [Mon Nov 20 10:16:14 CST 2017]; root of context hierarchy
2017-11-20 10:16:24.741 [Thread-4] INFO  o.s.o.j.LocalContainerEntityManagerFactoryBean -Closing JPA EntityManagerFactory for persistence unit 'default'
2017-11-20 10:17:00.269 [main] INFO  o.s.b.t.c.SpringBootTestContextBootstrapper -Neither @ContextConfiguration nor @ContextHierarchy found for test class [com.longfor.MoapprovalApplicationTests], using SpringBootContextLoader
2017-11-20 10:17:00.278 [main] INFO  o.s.t.c.s.AbstractContextLoader -Could not detect default resource locations for test class [com.longfor.MoapprovalApplicationTests]: no resource found for suffixes {-context.xml, Context.groovy}.
2017-11-20 10:17:00.279 [main] INFO  o.s.t.c.s.AnnotationConfigContextLoaderUtils -Could not detect default configuration classes for test class [com.longfor.MoapprovalApplicationTests]: MoapprovalApplicationTests does not declare any static, non-private, non-final, nested classes annotated with @Configuration.
2017-11-20 10:17:00.385 [main] INFO  o.s.b.t.c.SpringBootTestContextBootstrapper -Found @SpringBootConfiguration com.longfor.MoapprovalApplication for test class com.longfor.MoapprovalApplicationTests
2017-11-20 10:17:00.397 [main] INFO  o.s.b.t.c.SpringBootTestContextBootstrapper -Loaded default TestExecutionListener class names from location [META-INF/spring.factories]: [org.springframework.boot.test.mock.mockito.MockitoTestExecutionListener, org.springframework.boot.test.mock.mockito.ResetMocksTestExecutionListener, org.springframework.boot.test.autoconfigure.restdocs.RestDocsTestExecutionListener, org.springframework.boot.test.autoconfigure.web.client.MockRestServiceServerResetTestExecutionListener, org.springframework.boot.test.autoconfigure.web.servlet.MockMvcPrintOnlyOnFailureTestExecutionListener, org.springframework.boot.test.autoconfigure.web.servlet.WebDriverTestExecutionListener, org.springframework.test.context.web.ServletTestExecutionListener, org.springframework.test.context.support.DirtiesContextBeforeModesTestExecutionListener, org.springframework.test.context.support.DependencyInjectionTestExecutionListener, org.springframework.test.context.support.DirtiesContextTestExecutionListener, org.springframework.test.context.transaction.TransactionalTestExecutionListener, org.springframework.test.context.jdbc.SqlScriptsTestExecutionListener]
2017-11-20 10:17:00.424 [main] INFO  o.s.b.t.c.SpringBootTestContextBootstrapper -Using TestExecutionListeners: [org.springframework.test.context.web.ServletTestExecutionListener@74e52ef6, org.springframework.test.context.support.DirtiesContextBeforeModesTestExecutionListener@6ed3ccb2, org.springframework.boot.test.autoconfigure.SpringBootDependencyInjectionTestExecutionListener@1a677343, org.springframework.test.context.support.DirtiesContextTestExecutionListener@15de0b3c, org.springframework.test.context.transaction.TransactionalTestExecutionListener@489115ef, org.springframework.test.context.jdbc.SqlScriptsTestExecutionListener@3857f613, org.springframework.boot.test.mock.mockito.ResetMocksTestExecutionListener@198b6731, org.springframework.boot.test.autoconfigure.restdocs.RestDocsTestExecutionListener@7c6908d7, org.springframework.boot.test.mock.mockito.MockitoTestExecutionListener@3c9754d8, org.springframework.boot.test.autoconfigure.web.servlet.WebDriverTestExecutionListener@3bf7ca37, org.springframework.boot.test.autoconfigure.web.servlet.MockMvcPrintOnlyOnFailureTestExecutionListener@79079097, org.springframework.boot.test.autoconfigure.web.client.MockRestServiceServerResetTestExecutionListener@4d1c00d0]
2017-11-20 10:17:00.431 [main] INFO  o.s.b.t.c.SpringBootTestContextBootstrapper -Neither @ContextConfiguration nor @ContextHierarchy found for test class [com.longfor.MoapprovalApplicationTests], using SpringBootContextLoader
2017-11-20 10:17:00.432 [main] INFO  o.s.t.c.s.AbstractContextLoader -Could not detect default resource locations for test class [com.longfor.MoapprovalApplicationTests]: no resource found for suffixes {-context.xml, Context.groovy}.
2017-11-20 10:17:00.433 [main] INFO  o.s.t.c.s.AnnotationConfigContextLoaderUtils -Could not detect default configuration classes for test class [com.longfor.MoapprovalApplicationTests]: MoapprovalApplicationTests does not declare any static, non-private, non-final, nested classes annotated with @Configuration.
2017-11-20 10:17:00.439 [main] INFO  o.s.b.t.c.SpringBootTestContextBootstrapper -Found @SpringBootConfiguration com.longfor.MoapprovalApplication for test class com.longfor.MoapprovalApplicationTests
2017-11-20 10:17:00.446 [main] INFO  o.s.b.t.c.SpringBootTestContextBootstrapper -Loaded default TestExecutionListener class names from location [META-INF/spring.factories]: [org.springframework.boot.test.mock.mockito.MockitoTestExecutionListener, org.springframework.boot.test.mock.mockito.ResetMocksTestExecutionListener, org.springframework.boot.test.autoconfigure.restdocs.RestDocsTestExecutionListener, org.springframework.boot.test.autoconfigure.web.client.MockRestServiceServerResetTestExecutionListener, org.springframework.boot.test.autoconfigure.web.servlet.MockMvcPrintOnlyOnFailureTestExecutionListener, org.springframework.boot.test.autoconfigure.web.servlet.WebDriverTestExecutionListener, org.springframework.test.context.web.ServletTestExecutionListener, org.springframework.test.context.support.DirtiesContextBeforeModesTestExecutionListener, org.springframework.test.context.support.DependencyInjectionTestExecutionListener, org.springframework.test.context.support.DirtiesContextTestExecutionListener, org.springframework.test.context.transaction.TransactionalTestExecutionListener, org.springframework.test.context.jdbc.SqlScriptsTestExecutionListener]
2017-11-20 10:17:00.450 [main] INFO  o.s.b.t.c.SpringBootTestContextBootstrapper -Using TestExecutionListeners: [org.springframework.test.context.web.ServletTestExecutionListener@8c3b9d, org.springframework.test.context.support.DirtiesContextBeforeModesTestExecutionListener@4c39bec8, org.springframework.boot.test.autoconfigure.SpringBootDependencyInjectionTestExecutionListener@f79e, org.springframework.test.context.support.DirtiesContextTestExecutionListener@7ee8290b, org.springframework.test.context.transaction.TransactionalTestExecutionListener@1f59a598, org.springframework.test.context.jdbc.SqlScriptsTestExecutionListener@1e178745, org.springframework.boot.test.mock.mockito.ResetMocksTestExecutionListener@192c3f1e, org.springframework.boot.test.autoconfigure.restdocs.RestDocsTestExecutionListener@26b3fd41, org.springframework.boot.test.mock.mockito.MockitoTestExecutionListener@7494f96a, org.springframework.boot.test.autoconfigure.web.servlet.WebDriverTestExecutionListener@561b6512, org.springframework.boot.test.autoconfigure.web.servlet.MockMvcPrintOnlyOnFailureTestExecutionListener@2e377400, org.springframework.boot.test.autoconfigure.web.client.MockRestServiceServerResetTestExecutionListener@1757cd72]
2017-11-20 10:17:00.869 [main] INFO  c.longfor.MoapprovalApplicationTests -Starting MoapprovalApplicationTests on ISS460602003372 with PID 7700 (started by issuser in E:\java_new\moapproval)
2017-11-20 10:17:00.870 [main] INFO  c.longfor.MoapprovalApplicationTests -No active profile set, falling back to default profiles: default
2017-11-20 10:17:01.464 [main] INFO  o.s.w.c.s.GenericWebApplicationContext -Refreshing org.springframework.web.context.support.GenericWebApplicationContext@41488b16: startup date [Mon Nov 20 10:17:01 CST 2017]; root of context hierarchy
2017-11-20 10:17:03.011 [main] INFO  o.s.c.s.PostProcessorRegistrationDelegate$BeanPostProcessorChecker -Bean 'org.springframework.transaction.annotation.ProxyTransactionManagementConfiguration' of type [org.springframework.transaction.annotation.ProxyTransactionManagementConfiguration$$EnhancerBySpringCGLIB$$8bef727] is not eligible for getting processed by all BeanPostProcessors (for example: not eligible for auto-proxying)
2017-11-20 10:17:06.816 [main] INFO  o.s.o.j.LocalContainerEntityManagerFactoryBean -Building JPA container EntityManagerFactory for persistence unit 'default'
2017-11-20 10:17:06.843 [main] INFO  o.h.jpa.internal.util.LogHelper -HHH000204: Processing PersistenceUnitInfo [
	name: default
	...]
2017-11-20 10:17:07.086 [main] INFO  org.hibernate.Version -HHH000412: Hibernate Core {5.0.12.Final}
2017-11-20 10:17:07.088 [main] INFO  org.hibernate.cfg.Environment -HHH000206: hibernate.properties not found
2017-11-20 10:17:07.089 [main] INFO  org.hibernate.cfg.Environment -HHH000021: Bytecode provider name : javassist
2017-11-20 10:17:07.135 [main] INFO  o.h.annotations.common.Version -HCANN000001: Hibernate Commons Annotations {5.0.1.Final}
2017-11-20 10:17:07.245 [main] INFO  org.hibernate.dialect.Dialect -HHH000400: Using dialect: org.hibernate.dialect.MySQL5Dialect
2017-11-20 10:17:07.946 [main] INFO  o.h.tool.hbm2ddl.SchemaUpdate -HHH000228: Running hbm2ddl schema update
2017-11-20 10:17:10.364 [main] INFO  o.s.o.j.LocalContainerEntityManagerFactoryBean -Initialized JPA EntityManagerFactory for persistence unit 'default'
2017-11-20 10:17:10.685 [main] INFO  o.h.h.i.QueryTranslatorFactoryInitiator -HHH000397: Using ASTQueryTranslatorFactory
2017-11-20 10:17:11.669 [main] INFO  o.s.w.s.m.m.a.RequestMappingHandlerAdapter -Looking for @ControllerAdvice: org.springframework.web.context.support.GenericWebApplicationContext@41488b16: startup date [Mon Nov 20 10:17:01 CST 2017]; root of context hierarchy
2017-11-20 10:17:11.761 [main] INFO  o.s.w.s.m.m.a.RequestMappingHandlerMapping -Mapped "{[/flowapi/list],methods=[POST]}" onto public com.longfor.bean.Result<java.lang.String> com.longfor.controller.FlowController.list(com.longfor.bean.DohalfParamBean) throws java.lang.Exception
2017-11-20 10:17:11.762 [main] INFO  o.s.w.s.m.m.a.RequestMappingHandlerMapping -Mapped "{[/flowapi/business],methods=[POST]}" onto public com.longfor.bean.Result<java.lang.String> com.longfor.controller.FlowController.business(com.longfor.bean.FlowParamBean) throws java.lang.Exception
2017-11-20 10:17:11.763 [main] INFO  o.s.w.s.m.m.a.RequestMappingHandlerMapping -Mapped "{[/flowapi/flow],methods=[POST]}" onto public com.longfor.bean.Result<java.lang.String> com.longfor.controller.FlowController.flow(com.longfor.bean.FlowParamBean) throws java.lang.Exception
2017-11-20 10:17:11.764 [main] INFO  o.s.w.s.m.m.a.RequestMappingHandlerMapping -Mapped "{[/flowapi/sponsorlist],methods=[POST]}" onto public com.longfor.bean.Result<java.lang.String> com.longfor.controller.FlowController.sponsorlist(com.longfor.bean.DohalfParamBean) throws java.lang.Exception
2017-11-20 10:17:11.765 [main] INFO  o.s.w.s.m.m.a.RequestMappingHandlerMapping -Mapped "{[/flowapi/update-flow],methods=[POST]}" onto public com.longfor.bean.Result<java.lang.String> com.longfor.controller.FlowController.updateFlow(com.longfor.bean.ApprovalBean) throws java.lang.Exception
2017-11-20 10:17:11.768 [main] INFO  o.s.w.s.m.m.a.RequestMappingHandlerMapping -Mapped "{[/error]}" onto public org.springframework.http.ResponseEntity<java.util.Map<java.lang.String, java.lang.Object>> org.springframework.boot.autoconfigure.web.BasicErrorController.error(javax.servlet.http.HttpServletRequest)
2017-11-20 10:17:11.768 [main] INFO  o.s.w.s.m.m.a.RequestMappingHandlerMapping -Mapped "{[/error],produces=[text/html]}" onto public org.springframework.web.servlet.ModelAndView org.springframework.boot.autoconfigure.web.BasicErrorController.errorHtml(javax.servlet.http.HttpServletRequest,javax.servlet.http.HttpServletResponse)
2017-11-20 10:17:11.826 [main] INFO  o.s.w.s.h.SimpleUrlHandlerMapping -Mapped URL path [/webjars/**] onto handler of type [class org.springframework.web.servlet.resource.ResourceHttpRequestHandler]
2017-11-20 10:17:11.826 [main] INFO  o.s.w.s.h.SimpleUrlHandlerMapping -Mapped URL path [/**] onto handler of type [class org.springframework.web.servlet.resource.ResourceHttpRequestHandler]
2017-11-20 10:17:11.848 [main] INFO  o.s.w.s.m.m.a.ExceptionHandlerExceptionResolver -Detected @ExceptionHandler methods in exceptionHandle
2017-11-20 10:17:11.880 [main] INFO  o.s.w.s.h.SimpleUrlHandlerMapping -Mapped URL path [/**/favicon.ico] onto handler of type [class org.springframework.web.servlet.resource.ResourceHttpRequestHandler]
2017-11-20 10:17:11.924 [main] WARN  o.s.b.a.t.AbstractTemplateResolverConfiguration -Cannot find template location: classpath:/templates/ (please add some templates or check your Thymeleaf configuration)
2017-11-20 10:17:12.638 [main] INFO  c.longfor.MoapprovalApplicationTests -Started MoapprovalApplicationTests in 12.07 seconds (JVM running for 13.074)
2017-11-20 10:17:12.693 [Thread-4] INFO  o.s.w.c.s.GenericWebApplicationContext -Closing org.springframework.web.context.support.GenericWebApplicationContext@41488b16: startup date [Mon Nov 20 10:17:01 CST 2017]; root of context hierarchy
2017-11-20 10:17:12.702 [Thread-4] INFO  o.s.o.j.LocalContainerEntityManagerFactoryBean -Closing JPA EntityManagerFactory for persistence unit 'default'
